<?xml version="1.0" encoding="UTF-8"?>
<testsuite xmlns:xsi="http://www.w3.org/2001/XMLSchema-instance" xsi:noNamespaceSchemaLocation="https://maven.apache.org/surefire/maven-surefire-plugin/xsd/surefire-test-report.xsd" name="TestSuite" time="5.906" tests="5" errors="0" skipped="0" failures="0">
  <properties>
[...]
</properties>
  <testcase name="runScenario" classname="com.spotify.runner.TestNgRunner" time="3.982"/>
  <testcase name="runScenario" classname="com.spotify.runner.TestNgRunner" time="0.25"/>
  <testcase name="runScenario" classname="com.spotify.runner.TestNgRunner" time="0.081"/>
  <testcase name="runScenario" classname="com.spotify.runner.TestNgRunner" time="0.076"/>
  <testcase name="runScenario" classname="com.spotify.runner.TestNgRunner" time="0.086"/>
</testsuite>