<?xml version="1.0" encoding="UTF-8"?>
<testng-results ignored="0" total="5" passed="5" failed="0" skipped="0">
  <reporter-output>
  </reporter-output>
  <suite started-at="2023-12-06T01:10:59 UTC" name="Spotify BDD Test Suite" finished-at="2023-12-06T01:11:04 UTC" duration-ms="5140">
    <groups>
      <group name="cucumber">
        <method signature="AbstractTestNGCucumberTests.runScenario(io.cucumber.testng.PickleWrapper,io.cucumber.testng.FeatureWrapper)[pri:0, instance:com.spotify.runner.TestNgRunner@5890e879]" name="runScenario" class="io.cucumber.testng.AbstractTestNGCucumberTests"/>
      </group> <!-- cucumber -->
    </groups>
    <test started-at="2023-12-06T01:10:59 UTC" name="Spotify BDD Tests" finished-at="2023-12-06T01:11:04 UTC" duration-ms="5140">
      <class name="com.spotify.runner.TestNgRunner">
        <test-method is-config="true" signature="setUpClass(org.testng.ITestContext)[pri:0, instance:com.spotify.runner.TestNgRunner@5890e879]" started-at="2023-12-06T01:10:59 UTC" name="setUpClass" finished-at="2023-12-06T01:11:00 UTC" duration-ms="512" status="PASS">
          <params>
            <param index="0">
              <value>
                <![CDATA[org.testng.TestRunner@43094e0c]]>
              </value>
            </param>
          </params>
          <reporter-output>
          </reporter-output>
        </test-method> <!-- setUpClass -->
        <test-method signature="runScenario(io.cucumber.testng.PickleWrapper,io.cucumber.testng.FeatureWrapper)[pri:0, instance:com.spotify.runner.TestNgRunner@5890e879]" started-at="2023-12-06T01:11:00 UTC" name="runScenario" description="Runs Cucumber Scenarios" data-provider="scenarios" finished-at="2023-12-06T01:11:04 UTC" duration-ms="3981" status="PASS">
          <params>
            <param index="0">
              <value>
                <![CDATA["Verify Playlists. User should be able to create, get and update a playlist"]]>
              </value>
            </param>
            <param index="1">
              <value>
                <![CDATA["Playlists"]]>
              </value>
            </param>
          </params>
          <reporter-output>
          </reporter-output>
        </test-method> <!-- runScenario -->
        <test-method signature="runScenario(io.cucumber.testng.PickleWrapper,io.cucumber.testng.FeatureWrapper)[pri:0, instance:com.spotify.runner.TestNgRunner@5890e879]" started-at="2023-12-06T01:11:04 UTC" name="runScenario" description="Runs Cucumber Scenarios" data-provider="scenarios" finished-at="2023-12-06T01:11:04 UTC" duration-ms="250" status="PASS">
          <params>
            <param index="0">
              <value>
                <![CDATA["Verify create Playlists with invalid payload"]]>
              </value>
            </param>
            <param index="1">
              <value>
                <![CDATA["Playlists"]]>
              </value>
            </param>
          </params>
          <reporter-output>
          </reporter-output>
        </test-method> <!-- runScenario -->
        <test-method signature="runScenario(io.cucumber.testng.PickleWrapper,io.cucumber.testng.FeatureWrapper)[pri:0, instance:com.spotify.runner.TestNgRunner@5890e879]" started-at="2023-12-06T01:11:04 UTC" name="runScenario" description="Runs Cucumber Scenarios" data-provider="scenarios" finished-at="2023-12-06T01:11:04 UTC" duration-ms="81" status="PASS">
          <params>
            <param index="0">
              <value>
                <![CDATA["Verify create Playlists with invalid Access Token"]]>
              </value>
            </param>
            <param index="1">
              <value>
                <![CDATA["Playlists"]]>
              </value>
            </param>
          </params>
          <reporter-output>
          </reporter-output>
        </test-method> <!-- runScenario -->
        <test-method signature="runScenario(io.cucumber.testng.PickleWrapper,io.cucumber.testng.FeatureWrapper)[pri:0, instance:com.spotify.runner.TestNgRunner@5890e879]" started-at="2023-12-06T01:11:04 UTC" name="runScenario" description="Runs Cucumber Scenarios" data-provider="scenarios" finished-at="2023-12-06T01:11:04 UTC" duration-ms="76" status="PASS">
          <params>
            <param index="0">
              <value>
                <![CDATA["Verify create Playlists with invalid Access Token"]]>
              </value>
            </param>
            <param index="1">
              <value>
                <![CDATA["Playlists"]]>
              </value>
            </param>
          </params>
          <reporter-output>
          </reporter-output>
        </test-method> <!-- runScenario -->
        <test-method signature="runScenario(io.cucumber.testng.PickleWrapper,io.cucumber.testng.FeatureWrapper)[pri:0, instance:com.spotify.runner.TestNgRunner@5890e879]" started-at="2023-12-06T01:11:04 UTC" name="runScenario" description="Runs Cucumber Scenarios" data-provider="scenarios" finished-at="2023-12-06T01:11:04 UTC" duration-ms="86" status="PASS">
          <params>
            <param index="0">
              <value>
                <![CDATA["Verify create Playlists with invalid Access Token"]]>
              </value>
            </param>
            <param index="1">
              <value>
                <![CDATA["Playlists"]]>
              </value>
            </param>
          </params>
          <reporter-output>
          </reporter-output>
        </test-method> <!-- runScenario -->
        <test-method is-config="true" signature="tearDownClass()[pri:0, instance:com.spotify.runner.TestNgRunner@5890e879]" started-at="2023-12-06T01:11:04 UTC" name="tearDownClass" finished-at="2023-12-06T01:11:04 UTC" duration-ms="114" status="PASS">
          <reporter-output>
          </reporter-output>
        </test-method> <!-- tearDownClass -->
      </class> <!-- com.spotify.runner.TestNgRunner -->
    </test> <!-- Spotify BDD Tests -->
  </suite> <!-- Spotify BDD Test Suite -->
</testng-results>
